0 info it worked if it ends with ok
1 verbose cli [ '/usr/bin/nodejs', '/usr/bin/npm', 'install', 'coffee', '-g' ]
2 info using npm@1.3.10
3 info using node@v0.10.25
4 verbose cache add [ 'coffee', null ]
5 verbose cache add name=undefined spec="coffee" args=["coffee",null]
6 verbose parsed url { protocol: null,
6 verbose parsed url   slashes: null,
6 verbose parsed url   auth: null,
6 verbose parsed url   host: null,
6 verbose parsed url   port: null,
6 verbose parsed url   hostname: null,
6 verbose parsed url   hash: null,
6 verbose parsed url   search: null,
6 verbose parsed url   query: null,
6 verbose parsed url   pathname: 'coffee',
6 verbose parsed url   path: 'coffee',
6 verbose parsed url   href: 'coffee' }
7 silly lockFile 44213f9f-coffee coffee
8 verbose lock coffee /home/jeff/.npm/44213f9f-coffee.lock
9 silly lockFile 44213f9f-coffee coffee
10 silly lockFile 44213f9f-coffee coffee
11 verbose addNamed [ 'coffee', '' ]
12 verbose addNamed [ null, '*' ]
13 silly lockFile 6f24caa5-coffee coffee@
14 verbose lock coffee@ /home/jeff/.npm/6f24caa5-coffee.lock
15 silly addNameRange { name: 'coffee', range: '*', hasData: false }
16 verbose url raw coffee
17 verbose url resolving [ 'https://registry.npmjs.org/', './coffee' ]
18 verbose url resolved https://registry.npmjs.org/coffee
19 info trying registry request attempt 1 at 09:09:46
20 verbose etag "4CI6ALJ5Q1OMQUDI5TVQLU3PZ"
21 http GET https://registry.npmjs.org/coffee
22 http 304 https://registry.npmjs.org/coffee
23 silly registry.get cb [ 304,
23 silly registry.get   { date: 'Sat, 23 May 2015 14:09:46 GMT',
23 silly registry.get     via: '1.1 varnish',
23 silly registry.get     'cache-control': 'max-age=60',
23 silly registry.get     etag: '"4CI6ALJ5Q1OMQUDI5TVQLU3PZ"',
23 silly registry.get     age: '0',
23 silly registry.get     connection: 'keep-alive',
23 silly registry.get     'x-served-by': 'cache-atl6233-ATL',
23 silly registry.get     'x-cache': 'MISS',
23 silly registry.get     'x-cache-hits': '0',
23 silly registry.get     'x-timer': 'S1432390186.602667,VS0,VE119',
23 silly registry.get     vary: 'Accept' } ]
24 verbose etag coffee from cache
25 silly addNameRange number 2 { name: 'coffee', range: '*', hasData: true }
26 silly addNameRange versions [ 'coffee', [ '0.1.0', '1.0.0', '1.0.1', '1.1.0' ] ]
27 verbose addNamed [ 'coffee', '1.1.0' ]
28 verbose addNamed [ '1.1.0', '1.1.0' ]
29 silly lockFile 6cfa8934-coffee-1-1-0 coffee@1.1.0
30 verbose lock coffee@1.1.0 /home/jeff/.npm/6cfa8934-coffee-1-1-0.lock
31 silly lockFile 6cfa8934-coffee-1-1-0 coffee@1.1.0
32 silly lockFile 6cfa8934-coffee-1-1-0 coffee@1.1.0
33 silly lockFile 6f24caa5-coffee coffee@
34 silly lockFile 6f24caa5-coffee coffee@
35 silly resolved [ { name: 'coffee',
35 silly resolved     version: '1.1.0',
35 silly resolved     description: 'Test command line on nodejs',
35 silly resolved     main: 'index',
35 silly resolved     dependencies: { debug: '~2.1.1' },
35 silly resolved     devDependencies:
35 silly resolved      { autod: '2',
35 silly resolved        jshint: '2',
35 silly resolved        istanbul: '0',
35 silly resolved        coveralls: '2',
35 silly resolved        mocha: '2',
35 silly resolved        should: '6' },
35 silly resolved     repository: { type: 'git', url: 'git://github.com/popomore/coffee.git' },
35 silly resolved     homepage: 'https://github.com/popomore/coffee',
35 silly resolved     author: { name: 'popomore', email: 'sakura9515@gmail.com' },
35 silly resolved     keywords: [ 'test', 'shell', 'spawn', 'fork', 'child_process', 'exec' ],
35 silly resolved     license: 'MIT',
35 silly resolved     scripts:
35 silly resolved      { lint: 'jshint .',
35 silly resolved        test: '_mocha -R spec -t 20000',
35 silly resolved        cov: 'jshint . && istanbul cover node_modules/mocha/bin/_mocha -- -R spec -t 20000',
35 silly resolved        coveralls: 'cat ./coverage/lcov.info | coveralls',
35 silly resolved        autod: 'autod -e test/fixtures -f ~ -w' },
35 silly resolved     files: [ 'index.js', 'lib' ],
35 silly resolved     readme: '# Coffee\n\nTest command line on nodejs\n\n---\n\n[![NPM version](https://img.shields.io/npm/v/coffee.svg?style=flat)](https://npmjs.org/package/coffee)\n[![Build Status](https://img.shields.io/travis/popomore/coffee.svg?style=flat)](https://travis-ci.org/popomore/coffee)\n[![Build Status](https://img.shields.io/coveralls/popomore/coffee.svg?style=flat)](https://coveralls.io/r/popomore/coffee)\n[![NPM downloads](http://img.shields.io/npm/dm/coffee.svg?style=flat)](https://npmjs.org/package/coffee)\n\n## Install\n\n```\n$ npm install coffee -g\n```\n\n## Usage\n\nCoffee is useful to test command line in Mocha or other test frammework.\n\n```\ndescribe(\'cat\', function() {\n  it(\'should concat input\', function(done) {\n    var coffee = require(\'coffee\');\n    coffee.spawn(\'cat\')\n    .write(\'1\')\n    .write(\'2\')\n    .expect(\'stdout\', \'12\')\n    .expect(\'code\', 0)\n    .end(done);\n  })\n})\n```\n\nYou can also use fork for spawning Node processes.\n\n```\ncoffee.fork(\'/path/to/file.js\', [\'args \'])\n.expect(\'stdout\', \'12\\n\')\n.expect(\'stderr\', \'34\\n\')\n.expect(\'code\', 0)\n.end(done);\n```\n\nIn file.js\n\n```\nconsole.log(12);\nconsole.log(34);\n```\n\n## API\n\n### coffee.spawn\n\nRun command using `child_process.spawn`, then return `Coffee` instance.\n\nArguments see [child_process.spawn](http://nodejs.org/api/child_process.html#child_process_child_process_spawn_command_args_options)\n\n### coffee.fork\n\nRun command using `child_process.fork`, then return `Coffee` instance.\n\nArguments see [child_process.fork](http://nodejs.org/api/child_process.html#child_process_child_process_fork_modulepath_args_options)\n\n### Coffee\n\nAssertion object\n\n#### coffee.expect(type, expected)\n\nAssert type with expected value, expected value can be string, regular expression, and array. \n\n```\ncoffee.spawn(\'echo\', [\'abcdefg\'])\n.expect(\'stdout\', \'abcdefg\')\n.expect(\'stdout\', /^abc/)\n.expect(\'stdout\', [\'abcdefg\', /abc/])\n.end(done);\n```\n\nAccept type: `stdout`, `stderr`, `code`, `error`\n\n#### coffee.write(data)\n\nWrite data to stdin, see example above.\n\n#### coffee.end(callback)\n\nCallback will be called after completing the assertion, the first argument is Error if throw exception. \n\n#### coffee.debug()\n\nWrite data to process.stdout and process.stderr for debug\n\n## LISENCE\n\nCopyright (c) 2015 popomore. Licensed under the MIT license.\n',
35 silly resolved     readmeFilename: 'README.md',
35 silly resolved     bugs: { url: 'https://github.com/popomore/coffee/issues' },
35 silly resolved     _id: 'coffee@1.1.0',
35 silly resolved     _from: 'coffee@' } ]
36 info install coffee@1.1.0 into /usr/local/lib
37 info installOne coffee@1.1.0
38 info /usr/local/lib/node_modules/coffee unbuild
39 verbose tar unpack /home/jeff/.npm/coffee/1.1.0/package.tgz
40 silly lockFile c90277b0-sr-local-lib-node-modules-coffee tar:///usr/local/lib/node_modules/coffee
41 verbose lock tar:///usr/local/lib/node_modules/coffee /home/jeff/.npm/c90277b0-sr-local-lib-node-modules-coffee.lock
42 silly lockFile 43266c9b-eff-npm-coffee-1-1-0-package-tgz tar:///home/jeff/.npm/coffee/1.1.0/package.tgz
43 verbose lock tar:///home/jeff/.npm/coffee/1.1.0/package.tgz /home/jeff/.npm/43266c9b-eff-npm-coffee-1-1-0-package-tgz.lock
44 silly gunzTarPerm modes [ '755', '644' ]
45 error Error: EACCES, mkdir '/usr/local/lib/node_modules'
45 error  { [Error: EACCES, mkdir '/usr/local/lib/node_modules']
45 error   errno: 3,
45 error   code: 'EACCES',
45 error   path: '/usr/local/lib/node_modules',
45 error   fstream_type: 'Directory',
45 error   fstream_path: '/usr/local/lib/node_modules/coffee',
45 error   fstream_class: 'DirWriter',
45 error   fstream_stack:
45 error    [ '/usr/lib/nodejs/fstream/lib/writer.js:171:23',
45 error      '/usr/lib/nodejs/mkdirp/index.js:37:53',
45 error      'Object.oncomplete (fs.js:107:15)' ] }
46 error Please try running this command again as root/Administrator.
47 error System Linux 3.13.0-48-generic
48 error command "/usr/bin/nodejs" "/usr/bin/npm" "install" "coffee" "-g"
49 error cwd /home/jeff/Code/ILikeDucks/duckling
50 error node -v v0.10.25
51 error npm -v 1.3.10
52 error path /usr/local/lib/node_modules
53 error fstream_path /usr/local/lib/node_modules/coffee
54 error fstream_type Directory
55 error fstream_class DirWriter
56 error code EACCES
57 error errno 3
58 error stack Error: EACCES, mkdir '/usr/local/lib/node_modules'
59 error fstream_stack /usr/lib/nodejs/fstream/lib/writer.js:171:23
59 error fstream_stack /usr/lib/nodejs/mkdirp/index.js:37:53
59 error fstream_stack Object.oncomplete (fs.js:107:15)
60 verbose exit [ 3, true ]
